c:\home\gpgpu\postech2024\2024\2024sse\sseinvert8\sseinvert8\x64\release\invert8sse.obj
c:\home\gpgpu\postech2024\2024\2024sse\sseinvert8\sseinvert8\x64\release\timer.obj
c:\home\gpgpu\postech2024\2024\2024sse\sseinvert8\x64\release\sseinvert8.pdb
c:\home\gpgpu\postech2024\2024\2024sse\sseinvert8\x64\release\sseinvert8.exe
c:\home\gpgpu\postech2024\2024\sse2024\sseinvert8\sseinvert8\x64\release\sseinvert8.ipdb
c:\home\gpgpu\postech2024\2024\sse2024\sseinvert8\sseinvert8\x64\release\sseinvert8.iobj
c:\home\gpgpu\postech2024\2024\2024sse\sseinvert8\sseinvert8\x64\release\sseinvert8.ipdb
c:\home\gpgpu\postech2024\2024\2024sse\sseinvert8\sseinvert8\x64\release\sseinvert8.iobj
c:\home\gpgpu\postech2024\2024\2024sse\sseinvert8\sseinvert8\x64\release\vc143.pdb
c:\home\gpgpu\postech2024\2024\2024sse\sseinvert8\sseinvert8\x64\release\sseinvert8.tlog\cl.command.1.tlog
c:\home\gpgpu\postech2024\2024\2024sse\sseinvert8\sseinvert8\x64\release\sseinvert8.tlog\cl.items.tlog
c:\home\gpgpu\postech2024\2024\2024sse\sseinvert8\sseinvert8\x64\release\sseinvert8.tlog\icx-cl-clang-cl.12828.delete.1.tlog
c:\home\gpgpu\postech2024\2024\2024sse\sseinvert8\sseinvert8\x64\release\sseinvert8.tlog\icx-cl-clang-cl.12828.read.1.tlog
c:\home\gpgpu\postech2024\2024\2024sse\sseinvert8\sseinvert8\x64\release\sseinvert8.tlog\icx-cl-clang-cl.12828.write.1.tlog
c:\home\gpgpu\postech2024\2024\2024sse\sseinvert8\sseinvert8\x64\release\sseinvert8.tlog\icx-cl-clang-cl.16316.delete.1.tlog
c:\home\gpgpu\postech2024\2024\2024sse\sseinvert8\sseinvert8\x64\release\sseinvert8.tlog\icx-cl-clang-cl.16316.read.1.tlog
c:\home\gpgpu\postech2024\2024\2024sse\sseinvert8\sseinvert8\x64\release\sseinvert8.tlog\icx-cl-clang-cl.16316.write.1.tlog
c:\home\gpgpu\postech2024\2024\2024sse\sseinvert8\sseinvert8\x64\release\sseinvert8.tlog\icx-cl-clang-cl.23348.delete.1.tlog
c:\home\gpgpu\postech2024\2024\2024sse\sseinvert8\sseinvert8\x64\release\sseinvert8.tlog\icx-cl-clang-cl.23348.read.1.tlog
c:\home\gpgpu\postech2024\2024\2024sse\sseinvert8\sseinvert8\x64\release\sseinvert8.tlog\icx-cl-clang-cl.23348.write.1.tlog
c:\home\gpgpu\postech2024\2024\2024sse\sseinvert8\sseinvert8\x64\release\sseinvert8.tlog\icx-cl-clang-cl.25596.delete.1.tlog
c:\home\gpgpu\postech2024\2024\2024sse\sseinvert8\sseinvert8\x64\release\sseinvert8.tlog\icx-cl-clang-cl.25596.read.1.tlog
c:\home\gpgpu\postech2024\2024\2024sse\sseinvert8\sseinvert8\x64\release\sseinvert8.tlog\icx-cl-clang-cl.25596.write.1.tlog
c:\home\gpgpu\postech2024\2024\2024sse\sseinvert8\sseinvert8\x64\release\sseinvert8.tlog\icx-cl-clang-cl.45956.delete.1.tlog
c:\home\gpgpu\postech2024\2024\2024sse\sseinvert8\sseinvert8\x64\release\sseinvert8.tlog\icx-cl-clang-cl.45956.read.1.tlog
c:\home\gpgpu\postech2024\2024\2024sse\sseinvert8\sseinvert8\x64\release\sseinvert8.tlog\icx-cl-clang-cl.45956.write.1.tlog
c:\home\gpgpu\postech2024\2024\2024sse\sseinvert8\sseinvert8\x64\release\sseinvert8.tlog\icx-cl-clang-cl.47048.delete.1.tlog
c:\home\gpgpu\postech2024\2024\2024sse\sseinvert8\sseinvert8\x64\release\sseinvert8.tlog\icx-cl-clang-cl.47048.read.1.tlog
c:\home\gpgpu\postech2024\2024\2024sse\sseinvert8\sseinvert8\x64\release\sseinvert8.tlog\icx-cl-clang-cl.47048.write.1.tlog
c:\home\gpgpu\postech2024\2024\2024sse\sseinvert8\sseinvert8\x64\release\sseinvert8.tlog\icx-cl-clang-cl.read.1.tlog
c:\home\gpgpu\postech2024\2024\2024sse\sseinvert8\sseinvert8\x64\release\sseinvert8.tlog\icx-cl.command.1.tlog
c:\home\gpgpu\postech2024\2024\2024sse\sseinvert8\sseinvert8\x64\release\sseinvert8.tlog\icx-cl.read.1.tlog
c:\home\gpgpu\postech2024\2024\2024sse\sseinvert8\sseinvert8\x64\release\sseinvert8.tlog\icx-cl.write.1.tlog
c:\home\gpgpu\postech2024\2024\2024sse\sseinvert8\sseinvert8\x64\release\sseinvert8.tlog\link.command.1.tlog
c:\home\gpgpu\postech2024\2024\2024sse\sseinvert8\sseinvert8\x64\release\sseinvert8.tlog\link.secondary.1.tlog
c:\home\gpgpu\postech2024\2024\2024sse\sseinvert8\sseinvert8\x64\release\sseinvert8.tlog\xilink-clang.read.1.tlog
c:\home\gpgpu\postech2024\2024\2024sse\sseinvert8\sseinvert8\x64\release\sseinvert8.tlog\xilink-lld-link.delete.1.tlog
c:\home\gpgpu\postech2024\2024\2024sse\sseinvert8\sseinvert8\x64\release\sseinvert8.tlog\xilink-lld-link.read.1.tlog
c:\home\gpgpu\postech2024\2024\2024sse\sseinvert8\sseinvert8\x64\release\sseinvert8.tlog\xilink-lld-link.read.10.tlog
c:\home\gpgpu\postech2024\2024\2024sse\sseinvert8\sseinvert8\x64\release\sseinvert8.tlog\xilink-lld-link.read.11.tlog
c:\home\gpgpu\postech2024\2024\2024sse\sseinvert8\sseinvert8\x64\release\sseinvert8.tlog\xilink-lld-link.read.12.tlog
c:\home\gpgpu\postech2024\2024\2024sse\sseinvert8\sseinvert8\x64\release\sseinvert8.tlog\xilink-lld-link.read.13.tlog
c:\home\gpgpu\postech2024\2024\2024sse\sseinvert8\sseinvert8\x64\release\sseinvert8.tlog\xilink-lld-link.read.14.tlog
c:\home\gpgpu\postech2024\2024\2024sse\sseinvert8\sseinvert8\x64\release\sseinvert8.tlog\xilink-lld-link.read.2.tlog
c:\home\gpgpu\postech2024\2024\2024sse\sseinvert8\sseinvert8\x64\release\sseinvert8.tlog\xilink-lld-link.read.3.tlog
c:\home\gpgpu\postech2024\2024\2024sse\sseinvert8\sseinvert8\x64\release\sseinvert8.tlog\xilink-lld-link.read.4.tlog
c:\home\gpgpu\postech2024\2024\2024sse\sseinvert8\sseinvert8\x64\release\sseinvert8.tlog\xilink-lld-link.read.5.tlog
c:\home\gpgpu\postech2024\2024\2024sse\sseinvert8\sseinvert8\x64\release\sseinvert8.tlog\xilink-lld-link.read.6.tlog
c:\home\gpgpu\postech2024\2024\2024sse\sseinvert8\sseinvert8\x64\release\sseinvert8.tlog\xilink-lld-link.read.7.tlog
c:\home\gpgpu\postech2024\2024\2024sse\sseinvert8\sseinvert8\x64\release\sseinvert8.tlog\xilink-lld-link.read.8.tlog
c:\home\gpgpu\postech2024\2024\2024sse\sseinvert8\sseinvert8\x64\release\sseinvert8.tlog\xilink-lld-link.read.9.tlog
c:\home\gpgpu\postech2024\2024\2024sse\sseinvert8\sseinvert8\x64\release\sseinvert8.tlog\xilink-lld-link.write.1.tlog
c:\home\gpgpu\postech2024\2024\2024sse\sseinvert8\sseinvert8\x64\release\sseinvert8.tlog\xilink.command.1.tlog
c:\home\gpgpu\postech2024\2024\2024sse\sseinvert8\sseinvert8\x64\release\sseinvert8.tlog\xilink.read.1.tlog
c:\home\gpgpu\postech2024\2024\2024sse\sseinvert8\sseinvert8\x64\release\sseinvert8.tlog\xilink.write.1.tlog
